time="2023-04-21T13:30:20.165308" level=info msg="Logging in to 'https://loadrunner-cloud.saas.microfocus.com'"
time="2023-04-21T13:30:20.590931" level=error msg="received status 403 with a message: Invalid credentials"
time="2023-04-21T13:31:39.612496" level=error msg="error loading tenant user from configuration: the key tenant.user does not exist"
time="2023-04-21T13:33:53.019804" level=error msg="error loading tenant user from configuration: the key tenant.user does not exist"
time="2023-04-21T13:36:17.726645" level=info msg="Logging in to 'https://loadrunner-cloud.saas.microfocus.com'"
time="2023-04-21T13:36:18.244581" level=info msg="Loading script from: C:\\work\\MF_LRDev_Scripts\\aos-nimbus-shopping-v1 ..."
time="2023-04-21T13:36:19.972026" level=info msg="Updating existing script files"
time="2023-04-21T13:36:20.969745" level=info msg="Retrieving existing load tests"
time="2023-04-21T13:36:21.128032" level=info msg="No load test found, creating a new test Autogenerated_aos-nimbus-shopping-v1"
time="2023-04-21T13:36:22.453596" level=info msg="Disabling SLA for transactions"
time="2023-04-21T13:36:23.36056" level=info msg="Test 'Autogenerated_aos-nimbus-shopping-v1' Id #4022"
time="2023-04-21T13:36:25.402307" level=info msg="Test Autogenerated_aos-nimbus-shopping-v1 started. Run ID: #4968 on on-premise load generators"
time="2023-04-21T13:36:25.402398" level=info msg="Load test in progress ..."
time="2023-04-21T13:36:25.632096" level=info msg="Test status: INIT"
time="2023-04-21T13:36:36.656773" level=info msg="The load test is in progress. Return later to get the test run results (use command `getResults` or the `Get test run results` task in VS Code, together with the run ID 4968).\nIf email notification is configured, the results will be emailed when the test is complete."
time="2023-04-21T13:43:53.855828" level=info msg="Logging in to 'https://loadrunner-cloud.saas.microfocus.com'"
time="2023-04-21T13:43:54.257834" level=info msg="Loading script from: C:\\work\\MF_LRDev_Scripts\\aos-nimbus-shopping-v1 ..."
time="2023-04-21T13:43:54.926677" level=info msg="Updating existing script files"
time="2023-04-21T13:43:55.748305" level=info msg="Retrieving existing load tests"
time="2023-04-21T13:43:55.921727" level=info msg="Found load test Autogenerated_aos-nimbus-shopping-v1"
time="2023-04-21T13:43:57.044207" level=info msg="Disabling SLA for transactions"
time="2023-04-21T13:43:58.244015" level=info msg="Test 'Autogenerated_aos-nimbus-shopping-v1' Id #4022"
time="2023-04-21T13:43:59.895688" level=info msg="Test Autogenerated_aos-nimbus-shopping-v1 started. Run ID: #4969 on on-premise load generators"
time="2023-04-21T13:43:59.895688" level=info msg="Load test in progress ..."
time="2023-04-21T13:44:00.115143" level=info msg="Test status: INIT"
time="2023-04-21T13:44:11.131186" level=info msg="The load test is in progress. Return later to get the test run results (use command `getResults` or the `Get test run results` task in VS Code, together with the run ID 4969).\nIf email notification is configured, the results will be emailed when the test is complete."
