time="2023-09-21T16:30:06.29846" level=info msg="Starting ScaLRD"
time="2023-09-21T16:30:06.327612" level=info msg="Logging in to 'https://lreorgdemo.saas.microfocus.com'"
time="2023-09-21T16:30:06.839977" level=error msg="failed to log in: check clientId and/or clientSecret"
time="2023-09-21T16:33:28.135971" level=info msg="Starting ScaLRD"
time="2023-09-21T16:33:28.164153" level=info msg="Logging in to 'https://lreorgdemo.saas.microfocus.com'"
time="2023-09-21T16:33:28.617137" level=info msg="Validating host 'https://lreorgdemo.saas.microfocus.com' with domain 'JARTEAGA'"
time="2023-09-21T16:33:28.720833" level=info msg="Validating project AOS_Testing"
time="2023-09-21T16:33:28.83506" level=info msg="Searching for the test plan AutoTestPlan"
time="2023-09-21T16:33:28.995353" level=info msg="Creating test plan AutoTestPlan"
time="2023-09-21T16:33:29.239138" level=info msg="Uploading script C:\\work\\MF_LRDev_Scripts\\aos-nimbus-shopping-v1 to AutoTestPlan"
time="2023-09-21T16:33:31.809911" level=info msg="Retrieving performance tests"
time="2023-09-21T16:33:35.878463" level=info msg="created performance test aos-nimbus-shopping-v1_PerformanceTest id #492 in Subject\\AutoTestPlan"
time="2023-09-21T16:33:35.879155" level=info msg="Assign performance test aos-nimbus-shopping-v1_PerformanceTest to AutoTestSetFolder\\AutoTestSet"
time="2023-09-21T16:33:35.99075" level=info msg="Retrieving test set ID"
time="2023-09-21T16:33:36.097054" level=info msg="Retrieving test instance"
time="2023-09-21T16:33:36.497082" level=info msg="Running test aos-nimbus-shopping-v1"
time="2023-09-21T16:33:36.971158" level=info msg="Logging out"
time="2023-09-21T16:33:37.079127" level=error msg="failed to run test: error 1001 occurred: Operation failed.\nThe project configuration does not permit the requested Postrun action.\n"
time="2023-09-21T16:35:04.555365" level=info msg="Starting ScaLRD"
time="2023-09-21T16:35:04.582372" level=info msg="Logging in to 'https://lreorgdemo.saas.microfocus.com'"
time="2023-09-21T16:35:05.048761" level=info msg="Validating host 'https://lreorgdemo.saas.microfocus.com' with domain 'JARTEAGA'"
time="2023-09-21T16:35:05.136922" level=info msg="Validating project AOS_Testing"
time="2023-09-21T16:35:05.24253" level=info msg="Searching for the test plan AutoTestPlan"
time="2023-09-21T16:35:05.371165" level=info msg="Uploading script C:\\work\\MF_LRDev_Scripts\\aos-nimbus-shopping-v1 to AutoTestPlan"
time="2023-09-21T16:35:08.114711" level=info msg="Retrieving performance tests"
time="2023-09-21T16:35:10.378674" level=info msg="Retrieving performance test aos-nimbus-shopping-v1_PerformanceTest id #492 in Subject\\AutoTestPlan"
time="2023-09-21T16:35:11.171553" level=info msg="Updating performance test aos-nimbus-shopping-v1_PerformanceTest id #492 in Subject\\AutoTestPlan"
time="2023-09-21T16:35:11.971157" level=info msg="Assign performance test aos-nimbus-shopping-v1_PerformanceTest to AutoTestSetFolder\\AutoTestSet"
time="2023-09-21T16:35:12.087784" level=info msg="Retrieving test set ID"
time="2023-09-21T16:35:12.208579" level=info msg="Retrieving test instance"
time="2023-09-21T16:35:12.335433" level=info msg="Running test aos-nimbus-shopping-v1"
time="2023-09-21T16:35:13.270659" level=info msg="Test aos-nimbus-shopping-v1 started. Run ID: #305"
time="2023-09-21T16:35:13.407928" level=info msg="Test status: Initializing"
time="2023-09-21T16:35:24.438163" level=info msg="The load test is in progress. Return later to get the test run results (use command `getResults` or the `Get test run results` task in VS Code, together with the run ID 305)."
time="2023-09-21T16:35:24.438857" level=info msg="Logging out"
time="2023-09-21T17:21:15.86677" level=info msg="Starting ScaLRD"
time="2023-09-21T17:21:15.889116" level=info msg="Logging in to 'https://lreorgdemo.saas.microfocus.com'"
time="2023-09-21T17:21:16.351111" level=info msg="Validating host 'https://lreorgdemo.saas.microfocus.com' with domain 'JARTEAGA'"
time="2023-09-21T17:21:16.450636" level=info msg="Validating project AOS_Testing"
time="2023-09-21T17:21:24.789895" level=info msg="Test status: Finished"
time="2023-09-21T17:21:24.790591" level=info msg="Test (run ID: 305) finished"
time="2023-09-21T17:21:25.560609" level=info msg="Report available here C:/work/MF_LRDev_Scripts/aos-nimbus-shopping-v1/results/305"
time="2023-09-21T17:21:25.561953" level=info msg="Logging out"
